<?xml version="1.0" encoding="UTF-8"?>
<testng-results skipped="0" failed="0" total="1" passed="1">
  <reporter-output>
  </reporter-output>
  <suite name="Default suite" duration-ms="2139" started-at="2016-12-11T08:13:46Z" finished-at="2016-12-11T08:13:48Z">
    <groups>
    </groups>
    <test name="Default test" duration-ms="2139" started-at="2016-12-11T08:13:46Z" finished-at="2016-12-11T08:13:48Z">
      <class name="com.skynets.test.system.TestLoginSC002">
        <test-method status="PASS" signature="testLoginTC005()[pri:0, instance:com.skynets.test.system.TestLoginSC002@18500f]" name="testLoginTC005" duration-ms="2096" started-at="2016-12-11T13:43:46Z" finished-at="2016-12-11T13:43:48Z">
          <reporter-output>
          </reporter-output>
        </test-method> <!-- testLoginTC005 -->
        <test-method status="PASS" signature="postCondition()[pri:0, instance:com.skynets.test.system.TestLoginSC002@18500f]" name="postCondition" is-config="true" duration-ms="15" started-at="2016-12-11T13:43:48Z" finished-at="2016-12-11T13:43:48Z">
          <reporter-output>
          </reporter-output>
        </test-method> <!-- postCondition -->
      </class> <!-- com.skynets.test.system.TestLoginSC002 -->
    </test> <!-- Default test -->
  </suite> <!-- Default suite -->
</testng-results>
